<?xml version="1.0" encoding="UTF-8"?>
<!-- Generated by org.testng.reporters.JUnitReportReporter -->
<testsuite hostname="AIS-BOM-FB-17" failures="0" tests="10" name="com.travalab.appointment.Appointment2" time="304.038" errors="1" timestamp="2023-01-29T23:31:13 IST" skipped="0">
  <testcase classname="com.travalab.appointment.Appointment2" name="TC1Appointments" time="25.627"/>
  <system-out/>
  <testcase classname="com.travalab.appointment.Appointment2" name="TC2Appointments" time="25.573"/>
  <system-out/>
  <testcase classname="com.travalab.appointment.Appointment2" name="TC3Appointments" time="27.301"/>
  <system-out/>
  <testcase classname="com.travalab.appointment.Appointment2" name="TC4Appointments" time="29.505"/>
  <system-out/>
  <testcase classname="com.travalab.appointment.Appointment2" name="TC5Appointments" time="25.302"/>
  <system-out/>
  <testcase classname="com.travalab.appointment.Appointment2" name="TC6Appointments" time="13.572">
    <error message="element click intercepted: Element &lt;button class=&quot;btn btn-gradient address-submit nextBtn btn-lg pull-right w-100&quot; type=&quot;button&quot; disabled=&quot;disabled&quot;&gt;...&lt;/button&gt; is not clickable at point (1432, 431). Other element would receive the click: &lt;div class=&quot;pac-container pac-logo hdpi&quot; style=&quot;width: 855px; position: absolute; left: 648px; top: 432px;&quot;&gt;...&lt;/div&gt;
  (Session info: chrome=109.0.5414.120)
Build info: version: &#039;3.141.59&#039;, revision: &#039;e82be7d358&#039;, time: &#039;2018-11-14T08:17:03&#039;
System info: host: &#039;AIS-BOM-FB-17&#039;, ip: &#039;192.168.152.64&#039;, os.name: &#039;Windows 10&#039;, os.arch: &#039;amd64&#039;, os.version: &#039;10.0&#039;, java.version: &#039;17.0.5&#039;
Driver info: org.openqa.selenium.chrome.ChromeDriver
Capabilities {acceptInsecureCerts: false, browserName: chrome, browserVersion: 109.0.5414.120, chrome: {chromedriverVersion: 109.0.5414.74 (e7c5703604da..., userDataDir: C:\Users\SUSHAN~1\AppData\L...}, goog:chromeOptions: {debuggerAddress: localhost:54399}, javascriptEnabled: true, networkConnectionEnabled: false, pageLoadStrategy: normal, platform: WINDOWS, platformName: WINDOWS, proxy: Proxy(), setWindowRect: true, strictFileInteractability: false, timeouts: {implicit: 0, pageLoad: 300000, script: 30000}, unhandledPromptBehavior: dismiss and notify, webauthn:extension:credBlob: true, webauthn:extension:largeBlob: true, webauthn:virtualAuthenticators: true}
Session ID: fc9e1dce9b3eb372e0e8c7a9b879422b" type="org.openqa.selenium.ElementClickInterceptedException">
      <![CDATA[org.openqa.selenium.ElementClickInterceptedException: element click intercepted: Element <button class="btn btn-gradient address-submit nextBtn btn-lg pull-right w-100" type="button" disabled="disabled">...</button> is not clickable at point (1432, 431). Other element would receive the click: <div class="pac-container pac-logo hdpi" style="width: 855px; position: absolute; left: 648px; top: 432px;">...</div>
  (Session info: chrome=109.0.5414.120)
Build info: version: '3.141.59', revision: 'e82be7d358', time: '2018-11-14T08:17:03'
System info: host: 'AIS-BOM-FB-17', ip: '192.168.152.64', os.name: 'Windows 10', os.arch: 'amd64', os.version: '10.0', java.version: '17.0.5'
Driver info: org.openqa.selenium.chrome.ChromeDriver
Capabilities {acceptInsecureCerts: false, browserName: chrome, browserVersion: 109.0.5414.120, chrome: {chromedriverVersion: 109.0.5414.74 (e7c5703604da..., userDataDir: C:\Users\SUSHAN~1\AppData\L...}, goog:chromeOptions: {debuggerAddress: localhost:54399}, javascriptEnabled: true, networkConnectionEnabled: false, pageLoadStrategy: normal, platform: WINDOWS, platformName: WINDOWS, proxy: Proxy(), setWindowRect: true, strictFileInteractability: false, timeouts: {implicit: 0, pageLoad: 300000, script: 30000}, unhandledPromptBehavior: dismiss and notify, webauthn:extension:credBlob: true, webauthn:extension:largeBlob: true, webauthn:virtualAuthenticators: true}
Session ID: fc9e1dce9b3eb372e0e8c7a9b879422b
at java.base/jdk.internal.reflect.NativeConstructorAccessorImpl.newInstance0(Native Method)
at java.base/jdk.internal.reflect.NativeConstructorAccessorImpl.newInstance(NativeConstructorAccessorImpl.java:77)
at java.base/jdk.internal.reflect.DelegatingConstructorAccessorImpl.newInstance(DelegatingConstructorAccessorImpl.java:45)
at java.base/java.lang.reflect.Constructor.newInstanceWithCaller(Constructor.java:499)
at java.base/java.lang.reflect.Constructor.newInstance(Constructor.java:480)
at org.openqa.selenium.remote.http.W3CHttpResponseCodec.createException(W3CHttpResponseCodec.java:187)
at org.openqa.selenium.remote.http.W3CHttpResponseCodec.decode(W3CHttpResponseCodec.java:122)
at org.openqa.selenium.remote.http.W3CHttpResponseCodec.decode(W3CHttpResponseCodec.java:49)
at org.openqa.selenium.remote.HttpCommandExecutor.execute(HttpCommandExecutor.java:158)
at org.openqa.selenium.remote.service.DriverCommandExecutor.execute(DriverCommandExecutor.java:83)
at org.openqa.selenium.remote.RemoteWebDriver.execute(RemoteWebDriver.java:552)
at org.openqa.selenium.remote.RemoteWebElement.execute(RemoteWebElement.java:285)
at org.openqa.selenium.remote.RemoteWebElement.click(RemoteWebElement.java:84)
at com.travalab.appointment.Appointment2.TC6Appointments(Appointment2.java:501)
at java.base/jdk.internal.reflect.NativeMethodAccessorImpl.invoke0(Native Method)
at java.base/jdk.internal.reflect.NativeMethodAccessorImpl.invoke(NativeMethodAccessorImpl.java:77)
at java.base/jdk.internal.reflect.DelegatingMethodAccessorImpl.invoke(DelegatingMethodAccessorImpl.java:43)
at java.base/java.lang.reflect.Method.invoke(Method.java:568)
at org.testng.internal.MethodInvocationHelper.invokeMethod(MethodInvocationHelper.java:133)
at org.testng.internal.TestInvoker.invokeMethod(TestInvoker.java:598)
at org.testng.internal.TestInvoker.invokeTestMethod(TestInvoker.java:173)
at org.testng.internal.MethodRunner.runInSequence(MethodRunner.java:46)
at org.testng.internal.TestInvoker$MethodInvocationAgent.invoke(TestInvoker.java:824)
at org.testng.internal.TestInvoker.invokeTestMethods(TestInvoker.java:146)
at org.testng.internal.TestMethodWorker.invokeTestMethods(TestMethodWorker.java:146)
at org.testng.internal.TestMethodWorker.run(TestMethodWorker.java:128)
at java.base/java.util.ArrayList.forEach(ArrayList.java:1511)
at org.testng.TestRunner.privateRun(TestRunner.java:794)
at org.testng.TestRunner.run(TestRunner.java:596)
at org.testng.SuiteRunner.runTest(SuiteRunner.java:377)
at org.testng.SuiteRunner.runSequentially(SuiteRunner.java:371)
at org.testng.SuiteRunner.privateRun(SuiteRunner.java:332)
at org.testng.SuiteRunner.run(SuiteRunner.java:276)
at org.testng.SuiteRunnerWorker.runSuite(SuiteRunnerWorker.java:53)
at org.testng.SuiteRunnerWorker.run(SuiteRunnerWorker.java:96)
at org.testng.TestNG.runSuitesSequentially(TestNG.java:1212)
at org.testng.TestNG.runSuitesLocally(TestNG.java:1134)
at org.testng.TestNG.runSuites(TestNG.java:1063)
at org.testng.TestNG.run(TestNG.java:1031)
at org.testng.remote.AbstractRemoteTestNG.run(AbstractRemoteTestNG.java:115)
at org.testng.remote.RemoteTestNG.initAndRun(RemoteTestNG.java:251)
at org.testng.remote.RemoteTestNG.main(RemoteTestNG.java:77)
]]>
    </error>
  </testcase> <!-- TC6Appointments -->
  <system-out/>
  <testcase classname="com.travalab.appointment.Appointment2" name="TC7Appointments" time="47.964"/>
  <system-out/>
  <testcase classname="com.travalab.appointment.Appointment2" name="TC8Appointments" time="26.919"/>
  <system-out/>
  <testcase classname="com.travalab.appointment.Appointment2" name="TC9Appointments" time="53.166"/>
  <system-out/>
  <testcase classname="com.travalab.appointment.Appointment2" name="TC10Appointments" time="29.109"/>
  <system-out/>
</testsuite> <!-- com.travalab.appointment.Appointment2 -->
